This file contains any messages produced by compilers while
running configure, to aid debugging if configure makes a mistake.

It was created by mysql++ configure 3.2.3, which was
generated by GNU Autoconf 2.69.  Invocation command line was

  $ ./configure -prefix=/usr/local -enable-thread-check -with-mysql-lib=/usr/lib64/mysql

## --------- ##
## Platform. ##
## --------- ##

hostname = MONGODB_1
uname -m = x86_64
uname -r = 2.6.32-431.el6.x86_64
uname -s = Linux
uname -v = #1 SMP Sun Nov 10 22:19:54 EST 2013

/usr/bin/uname -p = unknown
/bin/uname -X     = unknown

/bin/arch              = x86_64
/usr/bin/arch -k       = unknown
/usr/convex/getsysinfo = unknown
/usr/bin/hostinfo      = unknown
/bin/machine           = unknown
/usr/bin/oslevel       = unknown
/bin/universe          = unknown

PATH: /usr/lib64/qt-3.3/bin
PATH: /usr/local/bin
PATH: /bin
PATH: /usr/bin
PATH: /usr/local/sbin
PATH: /usr/sbin
PATH: /sbin
PATH: /home/billMgr/bin


## ----------- ##
## Core tests. ##
## ----------- ##

configure:2418: checking build system type
configure:2432: result: x86_64-unknown-linux-gnu
configure:2452: checking host system type
configure:2465: result: x86_64-unknown-linux-gnu
configure:2485: checking target system type
configure:2498: result: x86_64-unknown-linux-gnu
configure:2574: checking how to print strings
configure:2601: result: printf
configure:2670: checking for gcc
configure:2686: found /usr/bin/gcc
configure:2697: result: gcc
configure:2926: checking for C compiler version
configure:2935: gcc --version >&5
gcc (GCC) 4.4.7 20120313 (Red Hat 4.4.7-4)
Copyright (C) 2010 Free Software Foundation, Inc.
This is free software; see the source for copying conditions.  There is NO
warranty; not even for MERCHANTABILITY or FITNESS FOR A PARTICULAR PURPOSE.

configure:2946: $? = 0
configure:2935: gcc -v >&5
Using built-in specs.
Target: x86_64-redhat-linux
Configured with: ../configure --prefix=/usr --mandir=/usr/share/man --infodir=/usr/share/info --with-bugurl=http://bugzilla.redhat.com/bugzilla --enable-bootstrap --enable-shared --enable-threads=posix --enable-checking=release --with-system-zlib --enable-__cxa_atexit --disable-libunwind-exceptions --enable-gnu-unique-object --enable-languages=c,c++,objc,obj-c++,java,fortran,ada --enable-java-awt=gtk --disable-dssi --with-java-home=/usr/lib/jvm/java-1.5.0-gcj-1.5.0.0/jre --enable-libgcj-multifile --enable-java-maintainer-mode --with-ecj-jar=/usr/share/java/eclipse-ecj.jar --disable-libjava-multilib --with-ppl --with-cloog --with-tune=generic --with-arch_32=i686 --build=x86_64-redhat-linux
Thread model: posix
gcc version 4.4.7 20120313 (Red Hat 4.4.7-4) (GCC) 
configure:2946: $? = 0
configure:2935: gcc -V >&5
gcc: '-V' option must have argument
configure:2946: $? = 1
configure:2935: gcc -qversion >&5
gcc: unrecognized option '-qversion'
gcc: no input files
configure:2946: $? = 1
configure:2966: checking whether the C compiler works
configure:2988: gcc    conftest.c  >&5
configure:2992: $? = 0
configure:3040: result: yes
configure:3043: checking for C compiler default output file name
configure:3045: result: a.out
configure:3051: checking for suffix of executables
configure:3058: gcc -o conftest    conftest.c  >&5
configure:3062: $? = 0
configure:3084: result: 
configure:3106: checking whether we are cross compiling
configure:3114: gcc -o conftest    conftest.c  >&5
configure:3118: $? = 0
configure:3125: ./conftest
configure:3129: $? = 0
configure:3144: result: no
configure:3149: checking for suffix of object files
configure:3171: gcc -c   conftest.c >&5
configure:3175: $? = 0
configure:3196: result: o
configure:3200: checking whether we are using the GNU C compiler
configure:3219: gcc -c   conftest.c >&5
configure:3219: $? = 0
configure:3228: result: yes
configure:3237: checking whether gcc accepts -g
configure:3257: gcc -c -g  conftest.c >&5
configure:3257: $? = 0
configure:3298: result: yes
configure:3315: checking for gcc option to accept ISO C89
configure:3378: gcc  -c -g -O2  conftest.c >&5
configure:3378: $? = 0
configure:3391: result: none needed
configure:3411: checking for a sed that does not truncate output
configure:3475: result: /bin/sed
configure:3493: checking for grep that handles long lines and -e
configure:3551: result: /bin/grep
configure:3556: checking for egrep
configure:3618: result: /bin/grep -E
configure:3623: checking for fgrep
configure:3685: result: /bin/grep -F
configure:3720: checking for ld used by gcc
configure:3787: result: /usr/bin/ld
configure:3794: checking if the linker (/usr/bin/ld) is GNU ld
configure:3809: result: yes
configure:3821: checking for BSD- or MS-compatible name lister (nm)
configure:3870: result: /usr/bin/nm -B
configure:4000: checking the name lister (/usr/bin/nm -B) interface
configure:4007: gcc -c -g -O2  conftest.c >&5
configure:4010: /usr/bin/nm -B "conftest.o"
configure:4013: output
0000000000000000 B some_variable
configure:4020: result: BSD nm
configure:4023: checking whether ln -s works
configure:4027: result: yes
configure:4035: checking the maximum length of command line arguments
configure:4165: result: 1966080
configure:4182: checking whether the shell understands some XSI constructs
configure:4192: result: yes
configure:4196: checking whether the shell understands "+="
configure:4202: result: yes
configure:4237: checking how to convert x86_64-unknown-linux-gnu file names to x86_64-unknown-linux-gnu format
configure:4277: result: func_convert_file_noop
configure:4284: checking how to convert x86_64-unknown-linux-gnu file names to toolchain format
configure:4304: result: func_convert_file_noop
configure:4311: checking for /usr/bin/ld option to reload object files
configure:4318: result: -r
configure:4392: checking for objdump
configure:4408: found /usr/bin/objdump
configure:4419: result: objdump
configure:4451: checking how to recognize dependent libraries
configure:4653: result: pass_all
configure:4738: checking for dlltool
configure:4768: result: no
configure:4798: checking how to associate runtime and link libraries
configure:4825: result: printf %s\n
configure:4886: checking for ar
configure:4902: found /usr/bin/ar
configure:4913: result: ar
configure:4950: checking for archiver @FILE support
configure:4967: gcc -c -g -O2  conftest.c >&5
configure:4967: $? = 0
configure:4970: ar cru libconftest.a @conftest.lst >&5
configure:4973: $? = 0
configure:4978: ar cru libconftest.a @conftest.lst >&5
ar: conftest.o: No such file or directory
configure:4981: $? = 1
configure:4993: result: @
configure:5051: checking for strip
configure:5067: found /usr/bin/strip
configure:5078: result: strip
configure:5150: checking for ranlib
configure:5166: found /usr/bin/ranlib
configure:5177: result: ranlib
configure:5254: checking for gawk
configure:5270: found /bin/gawk
configure:5281: result: gawk
configure:5321: checking command to parse /usr/bin/nm -B output from gcc object
configure:5441: gcc -c -g -O2  conftest.c >&5
configure:5444: $? = 0
configure:5448: /usr/bin/nm -B conftest.o \| sed -n -e 's/^.*[ ]\([ABCDGIRSTW][ABCDGIRSTW]*\)[ ][ ]*\([_A-Za-z][_A-Za-z0-9]*\)$/\1 \2 \2/p' | sed '/ __gnu_lto/d' \> conftest.nm
configure:5451: $? = 0
configure:5517: gcc -o conftest -g -O2   conftest.c conftstm.o >&5
configure:5520: $? = 0
configure:5558: result: ok
configure:5595: checking for sysroot
configure:5625: result: no
configure:5702: gcc -c -g -O2  conftest.c >&5
configure:5705: $? = 0
configure:5881: checking for mt
configure:5911: result: no
configure:5931: checking if : is a manifest tool
configure:5937: : '-?'
configure:5945: result: no
configure:6587: checking how to run the C preprocessor
configure:6618: gcc -E  conftest.c
configure:6618: $? = 0
configure:6632: gcc -E  conftest.c
conftest.c:9:28: error: ac_nonexistent.h: No such file or directory
configure:6632: $? = 1
configure: failed program was:
| /* confdefs.h */
| #define PACKAGE_NAME "mysql++"
| #define PACKAGE_TARNAME "mysql++"
| #define PACKAGE_VERSION "3.2.3"
| #define PACKAGE_STRING "mysql++ 3.2.3"
| #define PACKAGE_BUGREPORT "plusplus@lists.mysql.com"
| #define PACKAGE_URL ""
| /* end confdefs.h.  */
| #include <ac_nonexistent.h>
configure:6657: result: gcc -E
configure:6677: gcc -E  conftest.c
configure:6677: $? = 0
configure:6691: gcc -E  conftest.c
conftest.c:9:28: error: ac_nonexistent.h: No such file or directory
configure:6691: $? = 1
configure: failed program was:
| /* confdefs.h */
| #define PACKAGE_NAME "mysql++"
| #define PACKAGE_TARNAME "mysql++"
| #define PACKAGE_VERSION "3.2.3"
| #define PACKAGE_STRING "mysql++ 3.2.3"
| #define PACKAGE_BUGREPORT "plusplus@lists.mysql.com"
| #define PACKAGE_URL ""
| /* end confdefs.h.  */
| #include <ac_nonexistent.h>
configure:6720: checking for ANSI C header files
configure:6740: gcc -c -g -O2  conftest.c >&5
configure:6740: $? = 0
configure:6813: gcc -o conftest -g -O2   conftest.c  >&5
configure:6813: $? = 0
configure:6813: ./conftest
configure:6813: $? = 0
configure:6824: result: yes
configure:6837: checking for sys/types.h
configure:6837: gcc -c -g -O2  conftest.c >&5
configure:6837: $? = 0
configure:6837: result: yes
configure:6837: checking for sys/stat.h
configure:6837: gcc -c -g -O2  conftest.c >&5
configure:6837: $? = 0
configure:6837: result: yes
configure:6837: checking for stdlib.h
configure:6837: gcc -c -g -O2  conftest.c >&5
configure:6837: $? = 0
configure:6837: result: yes
configure:6837: checking for string.h
configure:6837: gcc -c -g -O2  conftest.c >&5
configure:6837: $? = 0
configure:6837: result: yes
configure:6837: checking for memory.h
configure:6837: gcc -c -g -O2  conftest.c >&5
configure:6837: $? = 0
configure:6837: result: yes
configure:6837: checking for strings.h
configure:6837: gcc -c -g -O2  conftest.c >&5
configure:6837: $? = 0
configure:6837: result: yes
configure:6837: checking for inttypes.h
configure:6837: gcc -c -g -O2  conftest.c >&5
configure:6837: $? = 0
configure:6837: result: yes
configure:6837: checking for stdint.h
configure:6837: gcc -c -g -O2  conftest.c >&5
configure:6837: $? = 0
configure:6837: result: yes
configure:6837: checking for unistd.h
configure:6837: gcc -c -g -O2  conftest.c >&5
configure:6837: $? = 0
configure:6837: result: yes
configure:6851: checking for dlfcn.h
configure:6851: gcc -c -g -O2  conftest.c >&5
configure:6851: $? = 0
configure:6851: result: yes
configure:7057: checking for objdir
configure:7072: result: .libs
configure:7343: checking if gcc supports -fno-rtti -fno-exceptions
configure:7361: gcc -c -g -O2  -fno-rtti -fno-exceptions conftest.c >&5
cc1: warning: command line option "-fno-rtti" is valid for C++/ObjC++ but not for C
configure:7365: $? = 0
configure:7378: result: no
configure:7705: checking for gcc option to produce PIC
configure:7712: result: -fPIC -DPIC
configure:7720: checking if gcc PIC flag -fPIC -DPIC works
configure:7738: gcc -c -g -O2  -fPIC -DPIC -DPIC conftest.c >&5
configure:7742: $? = 0
configure:7755: result: yes
configure:7784: checking if gcc static flag -static works
configure:7812: result: no
configure:7827: checking if gcc supports -c -o file.o
configure:7848: gcc -c -g -O2  -o out/conftest2.o conftest.c >&5
configure:7852: $? = 0
configure:7874: result: yes
configure:7882: checking if gcc supports -c -o file.o
configure:7929: result: yes
configure:7962: checking whether the gcc linker (/usr/bin/ld -m elf_x86_64) supports shared libraries
configure:9115: result: yes
configure:9152: checking whether -lc should be explicitly linked in
configure:9160: gcc -c -g -O2  conftest.c >&5
configure:9163: $? = 0
configure:9178: gcc -shared  -fPIC -DPIC conftest.o  -v -Wl,-soname -Wl,conftest -o conftest 2\>\&1 \| /bin/grep  -lc  \>/dev/null 2\>\&1
configure:9181: $? = 0
configure:9195: result: no
configure:9355: checking dynamic linker characteristics
configure:9866: gcc -o conftest -g -O2   -Wl,-rpath -Wl,/foo conftest.c  >&5
configure:9866: $? = 0
configure:10092: result: GNU/Linux ld.so
configure:10199: checking how to hardcode library paths into programs
configure:10224: result: immediate
configure:10764: checking whether stripping libraries is possible
configure:10769: result: yes
configure:10804: checking if libtool supports shared libraries
configure:10806: result: yes
configure:10809: checking whether to build shared libraries
configure:10830: result: yes
configure:10833: checking whether to build static libraries
configure:10837: result: yes
configure:10935: checking for gcc
configure:10962: result: gcc
configure:11191: checking for C compiler version
configure:11200: gcc --version >&5
gcc (GCC) 4.4.7 20120313 (Red Hat 4.4.7-4)
Copyright (C) 2010 Free Software Foundation, Inc.
This is free software; see the source for copying conditions.  There is NO
warranty; not even for MERCHANTABILITY or FITNESS FOR A PARTICULAR PURPOSE.

configure:11211: $? = 0
configure:11200: gcc -v >&5
Using built-in specs.
Target: x86_64-redhat-linux
Configured with: ../configure --prefix=/usr --mandir=/usr/share/man --infodir=/usr/share/info --with-bugurl=http://bugzilla.redhat.com/bugzilla --enable-bootstrap --enable-shared --enable-threads=posix --enable-checking=release --with-system-zlib --enable-__cxa_atexit --disable-libunwind-exceptions --enable-gnu-unique-object --enable-languages=c,c++,objc,obj-c++,java,fortran,ada --enable-java-awt=gtk --disable-dssi --with-java-home=/usr/lib/jvm/java-1.5.0-gcj-1.5.0.0/jre --enable-libgcj-multifile --enable-java-maintainer-mode --with-ecj-jar=/usr/share/java/eclipse-ecj.jar --disable-libjava-multilib --with-ppl --with-cloog --with-tune=generic --with-arch_32=i686 --build=x86_64-redhat-linux
Thread model: posix
gcc version 4.4.7 20120313 (Red Hat 4.4.7-4) (GCC) 
configure:11211: $? = 0
configure:11200: gcc -V >&5
gcc: '-V' option must have argument
configure:11211: $? = 1
configure:11200: gcc -qversion >&5
gcc: unrecognized option '-qversion'
gcc: no input files
configure:11211: $? = 1
configure:11215: checking whether we are using the GNU C compiler
configure:11243: result: yes
configure:11252: checking whether gcc accepts -g
configure:11313: result: yes
configure:11330: checking for gcc option to accept ISO C89
configure:11406: result: none needed
configure:11426: checking for ANSI C header files
configure:11530: result: yes
configure:11713: checking for the pthreads library -lpthreads
configure:11746: gcc -o conftest -g -O2    conftest.c -lpthreads  >&5
/usr/bin/ld: cannot find -lpthreads
collect2: ld returned 1 exit status
configure:11746: $? = 1
configure: failed program was:
| /* confdefs.h */
| #define PACKAGE_NAME "mysql++"
| #define PACKAGE_TARNAME "mysql++"
| #define PACKAGE_VERSION "3.2.3"
| #define PACKAGE_STRING "mysql++ 3.2.3"
| #define PACKAGE_BUGREPORT "plusplus@lists.mysql.com"
| #define PACKAGE_URL ""
| #define STDC_HEADERS 1
| #define HAVE_SYS_TYPES_H 1
| #define HAVE_SYS_STAT_H 1
| #define HAVE_STDLIB_H 1
| #define HAVE_STRING_H 1
| #define HAVE_MEMORY_H 1
| #define HAVE_STRINGS_H 1
| #define HAVE_INTTYPES_H 1
| #define HAVE_STDINT_H 1
| #define HAVE_UNISTD_H 1
| #define HAVE_DLFCN_H 1
| #define LT_OBJDIR ".libs/"
| #define STDC_HEADERS 1
| /* end confdefs.h.  */
| #include <pthread.h>
| int
| main ()
| {
| pthread_t th; pthread_join(th, 0);
|                      pthread_attr_init(0); pthread_cleanup_push(0, 0);
|                      pthread_create(0,0,0,0); pthread_cleanup_pop(0);
|   ;
|   return 0;
| }
configure:11755: result: no
configure:11658: checking whether pthreads work without any flags
configure:11746: gcc -o conftest -g -O2    conftest.c   >&5
/tmp/ccel2xXO.o: In function `main':
/home/billMgr/mysql++-3.2.3/conftest.c:26: undefined reference to `pthread_join'
/home/billMgr/mysql++-3.2.3/conftest.c:27: undefined reference to `__pthread_register_cancel'
/home/billMgr/mysql++-3.2.3/conftest.c:28: undefined reference to `pthread_create'
/home/billMgr/mysql++-3.2.3/conftest.c:28: undefined reference to `__pthread_unregister_cancel'
collect2: ld returned 1 exit status
configure:11746: $? = 1
configure: failed program was:
| /* confdefs.h */
| #define PACKAGE_NAME "mysql++"
| #define PACKAGE_TARNAME "mysql++"
| #define PACKAGE_VERSION "3.2.3"
| #define PACKAGE_STRING "mysql++ 3.2.3"
| #define PACKAGE_BUGREPORT "plusplus@lists.mysql.com"
| #define PACKAGE_URL ""
| #define STDC_HEADERS 1
| #define HAVE_SYS_TYPES_H 1
| #define HAVE_SYS_STAT_H 1
| #define HAVE_STDLIB_H 1
| #define HAVE_STRING_H 1
| #define HAVE_MEMORY_H 1
| #define HAVE_STRINGS_H 1
| #define HAVE_INTTYPES_H 1
| #define HAVE_STDINT_H 1
| #define HAVE_UNISTD_H 1
| #define HAVE_DLFCN_H 1
| #define LT_OBJDIR ".libs/"
| #define STDC_HEADERS 1
| /* end confdefs.h.  */
| #include <pthread.h>
| int
| main ()
| {
| pthread_t th; pthread_join(th, 0);
|                      pthread_attr_init(0); pthread_cleanup_push(0, 0);
|                      pthread_create(0,0,0,0); pthread_cleanup_pop(0);
|   ;
|   return 0;
| }
configure:11755: result: no
configure:11663: checking whether pthreads work with -Kthread
configure:11746: gcc -o conftest -g -O2 -Kthread   conftest.c   >&5
gcc: unrecognized option '-Kthread'
/tmp/ccoWE4WU.o: In function `main':
/home/billMgr/mysql++-3.2.3/conftest.c:26: undefined reference to `pthread_join'
/home/billMgr/mysql++-3.2.3/conftest.c:27: undefined reference to `__pthread_register_cancel'
/home/billMgr/mysql++-3.2.3/conftest.c:28: undefined reference to `pthread_create'
/home/billMgr/mysql++-3.2.3/conftest.c:28: undefined reference to `__pthread_unregister_cancel'
collect2: ld returned 1 exit status
configure:11746: $? = 1
configure: failed program was:
| /* confdefs.h */
| #define PACKAGE_NAME "mysql++"
| #define PACKAGE_TARNAME "mysql++"
| #define PACKAGE_VERSION "3.2.3"
| #define PACKAGE_STRING "mysql++ 3.2.3"
| #define PACKAGE_BUGREPORT "plusplus@lists.mysql.com"
| #define PACKAGE_URL ""
| #define STDC_HEADERS 1
| #define HAVE_SYS_TYPES_H 1
| #define HAVE_SYS_STAT_H 1
| #define HAVE_STDLIB_H 1
| #define HAVE_STRING_H 1
| #define HAVE_MEMORY_H 1
| #define HAVE_STRINGS_H 1
| #define HAVE_INTTYPES_H 1
| #define HAVE_STDINT_H 1
| #define HAVE_UNISTD_H 1
| #define HAVE_DLFCN_H 1
| #define LT_OBJDIR ".libs/"
| #define STDC_HEADERS 1
| /* end confdefs.h.  */
| #include <pthread.h>
| int
| main ()
| {
| pthread_t th; pthread_join(th, 0);
|                      pthread_attr_init(0); pthread_cleanup_push(0, 0);
|                      pthread_create(0,0,0,0); pthread_cleanup_pop(0);
|   ;
|   return 0;
| }
configure:11755: result: no
configure:11663: checking whether pthreads work with -kthread
configure:11746: gcc -o conftest -g -O2 -kthread   conftest.c   >&5
gcc: unrecognized option '-kthread'
/tmp/ccyxCJeW.o: In function `main':
/home/billMgr/mysql++-3.2.3/conftest.c:26: undefined reference to `pthread_join'
/home/billMgr/mysql++-3.2.3/conftest.c:27: undefined reference to `__pthread_register_cancel'
/home/billMgr/mysql++-3.2.3/conftest.c:28: undefined reference to `pthread_create'
/home/billMgr/mysql++-3.2.3/conftest.c:28: undefined reference to `__pthread_unregister_cancel'
collect2: ld returned 1 exit status
configure:11746: $? = 1
configure: failed program was:
| /* confdefs.h */
| #define PACKAGE_NAME "mysql++"
| #define PACKAGE_TARNAME "mysql++"
| #define PACKAGE_VERSION "3.2.3"
| #define PACKAGE_STRING "mysql++ 3.2.3"
| #define PACKAGE_BUGREPORT "plusplus@lists.mysql.com"
| #define PACKAGE_URL ""
| #define STDC_HEADERS 1
| #define HAVE_SYS_TYPES_H 1
| #define HAVE_SYS_STAT_H 1
| #define HAVE_STDLIB_H 1
| #define HAVE_STRING_H 1
| #define HAVE_MEMORY_H 1
| #define HAVE_STRINGS_H 1
| #define HAVE_INTTYPES_H 1
| #define HAVE_STDINT_H 1
| #define HAVE_UNISTD_H 1
| #define HAVE_DLFCN_H 1
| #define LT_OBJDIR ".libs/"
| #define STDC_HEADERS 1
| /* end confdefs.h.  */
| #include <pthread.h>
| int
| main ()
| {
| pthread_t th; pthread_join(th, 0);
|                      pthread_attr_init(0); pthread_cleanup_push(0, 0);
|                      pthread_create(0,0,0,0); pthread_cleanup_pop(0);
|   ;
|   return 0;
| }
configure:11755: result: no
configure:11713: checking for the pthreads library -llthread
configure:11746: gcc -o conftest -g -O2    conftest.c -llthread  >&5
/usr/bin/ld: cannot find -llthread
collect2: ld returned 1 exit status
configure:11746: $? = 1
configure: failed program was:
| /* confdefs.h */
| #define PACKAGE_NAME "mysql++"
| #define PACKAGE_TARNAME "mysql++"
| #define PACKAGE_VERSION "3.2.3"
| #define PACKAGE_STRING "mysql++ 3.2.3"
| #define PACKAGE_BUGREPORT "plusplus@lists.mysql.com"
| #define PACKAGE_URL ""
| #define STDC_HEADERS 1
| #define HAVE_SYS_TYPES_H 1
| #define HAVE_SYS_STAT_H 1
| #define HAVE_STDLIB_H 1
| #define HAVE_STRING_H 1
| #define HAVE_MEMORY_H 1
| #define HAVE_STRINGS_H 1
| #define HAVE_INTTYPES_H 1
| #define HAVE_STDINT_H 1
| #define HAVE_UNISTD_H 1
| #define HAVE_DLFCN_H 1
| #define LT_OBJDIR ".libs/"
| #define STDC_HEADERS 1
| /* end confdefs.h.  */
| #include <pthread.h>
| int
| main ()
| {
| pthread_t th; pthread_join(th, 0);
|                      pthread_attr_init(0); pthread_cleanup_push(0, 0);
|                      pthread_create(0,0,0,0); pthread_cleanup_pop(0);
|   ;
|   return 0;
| }
configure:11755: result: no
configure:11663: checking whether pthreads work with -pthread
configure:11746: gcc -o conftest -g -O2 -pthread   conftest.c   >&5
configure:11746: $? = 0
configure:11755: result: yes
configure:11774: checking for joinable pthread attribute
configure:11789: gcc -o conftest -g -O2 -pthread   conftest.c   >&5
configure:11789: $? = 0
configure:11795: result: PTHREAD_CREATE_JOINABLE
configure:11805: checking if more special flags are required for pthreads
configure:11812: result: no
configure:11899: checking synch.h usability
configure:11899: gcc -c -g -O2 -pthread  conftest.c >&5
conftest.c:56:19: error: synch.h: No such file or directory
configure:11899: $? = 1
configure: failed program was:
| /* confdefs.h */
| #define PACKAGE_NAME "mysql++"
| #define PACKAGE_TARNAME "mysql++"
| #define PACKAGE_VERSION "3.2.3"
| #define PACKAGE_STRING "mysql++ 3.2.3"
| #define PACKAGE_BUGREPORT "plusplus@lists.mysql.com"
| #define PACKAGE_URL ""
| #define STDC_HEADERS 1
| #define HAVE_SYS_TYPES_H 1
| #define HAVE_SYS_STAT_H 1
| #define HAVE_STDLIB_H 1
| #define HAVE_STRING_H 1
| #define HAVE_MEMORY_H 1
| #define HAVE_STRINGS_H 1
| #define HAVE_INTTYPES_H 1
| #define HAVE_STDINT_H 1
| #define HAVE_UNISTD_H 1
| #define HAVE_DLFCN_H 1
| #define LT_OBJDIR ".libs/"
| #define STDC_HEADERS 1
| #define HAVE_PTHREAD 1
| /* end confdefs.h.  */
| #include <stdio.h>
| #ifdef HAVE_SYS_TYPES_H
| # include <sys/types.h>
| #endif
| #ifdef HAVE_SYS_STAT_H
| # include <sys/stat.h>
| #endif
| #ifdef STDC_HEADERS
| # include <stdlib.h>
| # include <stddef.h>
| #else
| # ifdef HAVE_STDLIB_H
| #  include <stdlib.h>
| # endif
| #endif
| #ifdef HAVE_STRING_H
| # if !defined STDC_HEADERS && defined HAVE_MEMORY_H
| #  include <memory.h>
| # endif
| # include <string.h>
| #endif
| #ifdef HAVE_STRINGS_H
| # include <strings.h>
| #endif
| #ifdef HAVE_INTTYPES_H
| # include <inttypes.h>
| #endif
| #ifdef HAVE_STDINT_H
| # include <stdint.h>
| #endif
| #ifdef HAVE_UNISTD_H
| # include <unistd.h>
| #endif
| #include <synch.h>
configure:11899: result: no
configure:11899: checking synch.h presence
configure:11899: gcc -E  conftest.c
conftest.c:23:19: error: synch.h: No such file or directory
configure:11899: $? = 1
configure: failed program was:
| /* confdefs.h */
| #define PACKAGE_NAME "mysql++"
| #define PACKAGE_TARNAME "mysql++"
| #define PACKAGE_VERSION "3.2.3"
| #define PACKAGE_STRING "mysql++ 3.2.3"
| #define PACKAGE_BUGREPORT "plusplus@lists.mysql.com"
| #define PACKAGE_URL ""
| #define STDC_HEADERS 1
| #define HAVE_SYS_TYPES_H 1
| #define HAVE_SYS_STAT_H 1
| #define HAVE_STDLIB_H 1
| #define HAVE_STRING_H 1
| #define HAVE_MEMORY_H 1
| #define HAVE_STRINGS_H 1
| #define HAVE_INTTYPES_H 1
| #define HAVE_STDINT_H 1
| #define HAVE_UNISTD_H 1
| #define HAVE_DLFCN_H 1
| #define LT_OBJDIR ".libs/"
| #define STDC_HEADERS 1
| #define HAVE_PTHREAD 1
| /* end confdefs.h.  */
| #include <synch.h>
configure:11899: result: no
configure:11899: checking for synch.h
configure:11899: result: no
configure:11911: checking for unistd.h
configure:11911: result: yes
configure:11941: checking for getopt
configure:11941: gcc -o conftest -g -O2 -pthread   conftest.c   >&5
configure:11941: $? = 0
configure:11941: result: yes
configure:11995: checking whether -lm is needed to use C math functions
configure:12011: gcc -o conftest -g -O2 -pthread   conftest.c   >&5
configure:12011: $? = 0
configure:12012: result: no
configure:12054: checking whether -lsocket is needed
configure:12073: gcc -o conftest -g -O2 -pthread   conftest.c   >&5
configure:12073: $? = 0
configure:12074: result: no
configure:12114: checking whether -lnsl is needed
configure:12128: gcc -o conftest -g -O2 -pthread   conftest.c   >&5
configure:12128: $? = 0
configure:12129: result: no
configure:12208: checking for MySQL include directory
configure:12230: result: /usr/include/mysql
configure:12237: checking for MySQL C API library directory
configure:12259: gcc -o conftest -g -O2 -pthread  -I/usr/include/mysql  -L/usr/lib64/mysql conftest.c   -lmysqlclient_r >&5
configure:12259: $? = 0
configure:12260: result: /usr/lib64/mysql
configure:12325: checking for mysql_ssl_set in -lmysqlclient_r
configure:12350: gcc -o conftest -g -O2 -pthread   conftest.c -lmysqlclient_r    >&5
/usr/bin/ld: cannot find -lmysqlclient_r
collect2: ld returned 1 exit status
configure:12350: $? = 1
configure: failed program was:
| /* confdefs.h */
| #define PACKAGE_NAME "mysql++"
| #define PACKAGE_TARNAME "mysql++"
| #define PACKAGE_VERSION "3.2.3"
| #define PACKAGE_STRING "mysql++ 3.2.3"
| #define PACKAGE_BUGREPORT "plusplus@lists.mysql.com"
| #define PACKAGE_URL ""
| #define STDC_HEADERS 1
| #define HAVE_SYS_TYPES_H 1
| #define HAVE_SYS_STAT_H 1
| #define HAVE_STDLIB_H 1
| #define HAVE_STRING_H 1
| #define HAVE_MEMORY_H 1
| #define HAVE_STRINGS_H 1
| #define HAVE_INTTYPES_H 1
| #define HAVE_STDINT_H 1
| #define HAVE_UNISTD_H 1
| #define HAVE_DLFCN_H 1
| #define LT_OBJDIR ".libs/"
| #define STDC_HEADERS 1
| #define HAVE_PTHREAD 1
| #define HAVE_UNISTD_H 1
| #define HAVE_POSIX_GETOPT /**/
| /* end confdefs.h.  */
| 
| /* Override any GCC internal prototype to avoid an error.
|    Use char because int might match the return type of a GCC
|    builtin and then its argument prototype would still apply.  */
| #ifdef __cplusplus
| extern "C"
| #endif
| char mysql_ssl_set ();
| int
| main ()
| {
| return mysql_ssl_set ();
|   ;
|   return 0;
| }
configure:12360: result: no
configure:12371: checking for localtime_r()
configure:12390: gcc -o conftest -g -O2 -pthread   conftest.c   >&5
configure:12390: $? = 0
configure:12390: ./conftest
configure:12390: $? = 0
configure:12400: result: yes
configure:12409: checking for main in -lintl
configure:12428: gcc -o conftest -g -O2 -pthread   conftest.c -lintl    >&5
/usr/bin/ld: cannot find -lintl
collect2: ld returned 1 exit status
configure:12428: $? = 1
configure: failed program was:
| /* confdefs.h */
| #define PACKAGE_NAME "mysql++"
| #define PACKAGE_TARNAME "mysql++"
| #define PACKAGE_VERSION "3.2.3"
| #define PACKAGE_STRING "mysql++ 3.2.3"
| #define PACKAGE_BUGREPORT "plusplus@lists.mysql.com"
| #define PACKAGE_URL ""
| #define STDC_HEADERS 1
| #define HAVE_SYS_TYPES_H 1
| #define HAVE_SYS_STAT_H 1
| #define HAVE_STDLIB_H 1
| #define HAVE_STRING_H 1
| #define HAVE_MEMORY_H 1
| #define HAVE_STRINGS_H 1
| #define HAVE_INTTYPES_H 1
| #define HAVE_STDINT_H 1
| #define HAVE_UNISTD_H 1
| #define HAVE_DLFCN_H 1
| #define LT_OBJDIR ".libs/"
| #define STDC_HEADERS 1
| #define HAVE_PTHREAD 1
| #define HAVE_UNISTD_H 1
| #define HAVE_POSIX_GETOPT /**/
| #define HAVE_LOCALTIME_R 1
| /* end confdefs.h.  */
| 
| 
| int
| main ()
| {
| return main ();
|   ;
|   return 0;
| }
configure:12437: result: no
configure:12519: checking for g++
configure:12535: found /usr/bin/g++
configure:12546: result: g++
configure:12573: checking for C++ compiler version
configure:12582: g++ --version >&5
g++ (GCC) 4.4.7 20120313 (Red Hat 4.4.7-4)
Copyright (C) 2010 Free Software Foundation, Inc.
This is free software; see the source for copying conditions.  There is NO
warranty; not even for MERCHANTABILITY or FITNESS FOR A PARTICULAR PURPOSE.

configure:12593: $? = 0
configure:12582: g++ -v >&5
Using built-in specs.
Target: x86_64-redhat-linux
Configured with: ../configure --prefix=/usr --mandir=/usr/share/man --infodir=/usr/share/info --with-bugurl=http://bugzilla.redhat.com/bugzilla --enable-bootstrap --enable-shared --enable-threads=posix --enable-checking=release --with-system-zlib --enable-__cxa_atexit --disable-libunwind-exceptions --enable-gnu-unique-object --enable-languages=c,c++,objc,obj-c++,java,fortran,ada --enable-java-awt=gtk --disable-dssi --with-java-home=/usr/lib/jvm/java-1.5.0-gcj-1.5.0.0/jre --enable-libgcj-multifile --enable-java-maintainer-mode --with-ecj-jar=/usr/share/java/eclipse-ecj.jar --disable-libjava-multilib --with-ppl --with-cloog --with-tune=generic --with-arch_32=i686 --build=x86_64-redhat-linux
Thread model: posix
gcc version 4.4.7 20120313 (Red Hat 4.4.7-4) (GCC) 
configure:12593: $? = 0
configure:12582: g++ -V >&5
g++: '-V' option must have argument
configure:12593: $? = 1
configure:12582: g++ -qversion >&5
g++: unrecognized option '-qversion'
g++: no input files
configure:12593: $? = 1
configure:12597: checking whether we are using the GNU C++ compiler
configure:12616: g++ -c   conftest.cpp >&5
configure:12616: $? = 0
configure:12625: result: yes
configure:12634: checking whether g++ accepts -g
configure:12654: g++ -c -g  conftest.cpp >&5
configure:12654: $? = 0
configure:12695: result: yes
configure:12736: checking how to run the C++ preprocessor
configure:12763: g++ -E  conftest.cpp
configure:12763: $? = 0
configure:12777: g++ -E  conftest.cpp
conftest.cpp:26:28: error: ac_nonexistent.h: No such file or directory
configure:12777: $? = 1
configure: failed program was:
| /* confdefs.h */
| #define PACKAGE_NAME "mysql++"
| #define PACKAGE_TARNAME "mysql++"
| #define PACKAGE_VERSION "3.2.3"
| #define PACKAGE_STRING "mysql++ 3.2.3"
| #define PACKAGE_BUGREPORT "plusplus@lists.mysql.com"
| #define PACKAGE_URL ""
| #define STDC_HEADERS 1
| #define HAVE_SYS_TYPES_H 1
| #define HAVE_SYS_STAT_H 1
| #define HAVE_STDLIB_H 1
| #define HAVE_STRING_H 1
| #define HAVE_MEMORY_H 1
| #define HAVE_STRINGS_H 1
| #define HAVE_INTTYPES_H 1
| #define HAVE_STDINT_H 1
| #define HAVE_UNISTD_H 1
| #define HAVE_DLFCN_H 1
| #define LT_OBJDIR ".libs/"
| #define STDC_HEADERS 1
| #define HAVE_PTHREAD 1
| #define HAVE_UNISTD_H 1
| #define HAVE_POSIX_GETOPT /**/
| #define HAVE_LOCALTIME_R 1
| /* end confdefs.h.  */
| #include <ac_nonexistent.h>
configure:12802: result: g++ -E
configure:12822: g++ -E  conftest.cpp
configure:12822: $? = 0
configure:12836: g++ -E  conftest.cpp
conftest.cpp:26:28: error: ac_nonexistent.h: No such file or directory
configure:12836: $? = 1
configure: failed program was:
| /* confdefs.h */
| #define PACKAGE_NAME "mysql++"
| #define PACKAGE_TARNAME "mysql++"
| #define PACKAGE_VERSION "3.2.3"
| #define PACKAGE_STRING "mysql++ 3.2.3"
| #define PACKAGE_BUGREPORT "plusplus@lists.mysql.com"
| #define PACKAGE_URL ""
| #define STDC_HEADERS 1
| #define HAVE_SYS_TYPES_H 1
| #define HAVE_SYS_STAT_H 1
| #define HAVE_STDLIB_H 1
| #define HAVE_STRING_H 1
| #define HAVE_MEMORY_H 1
| #define HAVE_STRINGS_H 1
| #define HAVE_INTTYPES_H 1
| #define HAVE_STDINT_H 1
| #define HAVE_UNISTD_H 1
| #define HAVE_DLFCN_H 1
| #define LT_OBJDIR ".libs/"
| #define STDC_HEADERS 1
| #define HAVE_PTHREAD 1
| #define HAVE_UNISTD_H 1
| #define HAVE_POSIX_GETOPT /**/
| #define HAVE_LOCALTIME_R 1
| /* end confdefs.h.  */
| #include <ac_nonexistent.h>
configure:13005: checking for ld used by g++
configure:13072: result: /usr/bin/ld -m elf_x86_64
configure:13079: checking if the linker (/usr/bin/ld -m elf_x86_64) is GNU ld
configure:13094: result: yes
configure:13149: checking whether the g++ linker (/usr/bin/ld -m elf_x86_64) supports shared libraries
configure:14154: result: yes
configure:14190: g++ -c -g -O2  conftest.cpp >&5
configure:14193: $? = 0
configure:14713: checking for g++ option to produce PIC
configure:14720: result: -fPIC -DPIC
configure:14728: checking if g++ PIC flag -fPIC -DPIC works
configure:14746: g++ -c -g -O2  -fPIC -DPIC -DPIC conftest.cpp >&5
configure:14750: $? = 0
configure:14763: result: yes
configure:14786: checking if g++ static flag -static works
configure:14814: result: no
configure:14826: checking if g++ supports -c -o file.o
configure:14847: g++ -c -g -O2  -o out/conftest2.o conftest.cpp >&5
configure:14851: $? = 0
configure:14873: result: yes
configure:14878: checking if g++ supports -c -o file.o
configure:14925: result: yes
configure:14955: checking whether the g++ linker (/usr/bin/ld -m elf_x86_64) supports shared libraries
configure:14991: result: yes
configure:15132: checking dynamic linker characteristics
configure:15803: result: GNU/Linux ld.so
configure:15856: checking how to hardcode library paths into programs
configure:15881: result: immediate
configure:15928: checking for STL slist extension
configure:15942: g++ -c -g -O2  conftest.cpp >&5
conftest.cpp:26:17: error: slist: No such file or directory
conftest.cpp: In function 'int main()':
conftest.cpp:30: error: 'slist' was not declared in this scope
conftest.cpp:30: error: expected primary-expression before 'int'
conftest.cpp:30: error: expected ';' before 'int'
configure:15942: $? = 1
configure: failed program was:
| /* confdefs.h */
| #define PACKAGE_NAME "mysql++"
| #define PACKAGE_TARNAME "mysql++"
| #define PACKAGE_VERSION "3.2.3"
| #define PACKAGE_STRING "mysql++ 3.2.3"
| #define PACKAGE_BUGREPORT "plusplus@lists.mysql.com"
| #define PACKAGE_URL ""
| #define STDC_HEADERS 1
| #define HAVE_SYS_TYPES_H 1
| #define HAVE_SYS_STAT_H 1
| #define HAVE_STDLIB_H 1
| #define HAVE_STRING_H 1
| #define HAVE_MEMORY_H 1
| #define HAVE_STRINGS_H 1
| #define HAVE_INTTYPES_H 1
| #define HAVE_STDINT_H 1
| #define HAVE_UNISTD_H 1
| #define HAVE_DLFCN_H 1
| #define LT_OBJDIR ".libs/"
| #define STDC_HEADERS 1
| #define HAVE_PTHREAD 1
| #define HAVE_UNISTD_H 1
| #define HAVE_POSIX_GETOPT /**/
| #define HAVE_LOCALTIME_R 1
| /* end confdefs.h.  */
| #include <slist>
| int
| main ()
| {
| slist<int> l
|   ;
|   return 0;
| }
configure:15967: g++ -c -g -O2  conftest.cpp >&5
conftest.cpp:26:17: error: slist: No such file or directory
conftest.cpp: In function 'int main()':
conftest.cpp:30: error: 'slist' is not a member of 'std'
conftest.cpp:30: error: expected primary-expression before 'int'
conftest.cpp:30: error: expected ';' before 'int'
configure:15967: $? = 1
configure: failed program was:
| /* confdefs.h */
| #define PACKAGE_NAME "mysql++"
| #define PACKAGE_TARNAME "mysql++"
| #define PACKAGE_VERSION "3.2.3"
| #define PACKAGE_STRING "mysql++ 3.2.3"
| #define PACKAGE_BUGREPORT "plusplus@lists.mysql.com"
| #define PACKAGE_URL ""
| #define STDC_HEADERS 1
| #define HAVE_SYS_TYPES_H 1
| #define HAVE_SYS_STAT_H 1
| #define HAVE_STDLIB_H 1
| #define HAVE_STRING_H 1
| #define HAVE_MEMORY_H 1
| #define HAVE_STRINGS_H 1
| #define HAVE_INTTYPES_H 1
| #define HAVE_STDINT_H 1
| #define HAVE_UNISTD_H 1
| #define HAVE_DLFCN_H 1
| #define LT_OBJDIR ".libs/"
| #define STDC_HEADERS 1
| #define HAVE_PTHREAD 1
| #define HAVE_UNISTD_H 1
| #define HAVE_POSIX_GETOPT /**/
| #define HAVE_LOCALTIME_R 1
| /* end confdefs.h.  */
| #include <slist>
| int
| main ()
| {
| std::slist<int> l
|   ;
|   return 0;
| }
configure:15992: g++ -c -g -O2  conftest.cpp >&5
configure:15992: $? = 0
configure:16008: result: <ext/slist>, namespace __gnu_cxx
configure:16026: checking whether we are using the Intel C compiler
configure:16046: gcc -c -g -O2 -pthread  conftest.c >&5
conftest.c: In function 'main':
conftest.c:33: error: 'choke' undeclared (first use in this function)
conftest.c:33: error: (Each undeclared identifier is reported only once
conftest.c:33: error: for each function it appears in.)
conftest.c:33: error: expected ';' before 'me'
configure:16046: $? = 1
configure: failed program was:
| /* confdefs.h */
| #define PACKAGE_NAME "mysql++"
| #define PACKAGE_TARNAME "mysql++"
| #define PACKAGE_VERSION "3.2.3"
| #define PACKAGE_STRING "mysql++ 3.2.3"
| #define PACKAGE_BUGREPORT "plusplus@lists.mysql.com"
| #define PACKAGE_URL ""
| #define STDC_HEADERS 1
| #define HAVE_SYS_TYPES_H 1
| #define HAVE_SYS_STAT_H 1
| #define HAVE_STDLIB_H 1
| #define HAVE_STRING_H 1
| #define HAVE_MEMORY_H 1
| #define HAVE_STRINGS_H 1
| #define HAVE_INTTYPES_H 1
| #define HAVE_STDINT_H 1
| #define HAVE_UNISTD_H 1
| #define HAVE_DLFCN_H 1
| #define LT_OBJDIR ".libs/"
| #define STDC_HEADERS 1
| #define HAVE_PTHREAD 1
| #define HAVE_UNISTD_H 1
| #define HAVE_POSIX_GETOPT /**/
| #define HAVE_LOCALTIME_R 1
| #define HAVE_EXT_SLIST 1
| /* end confdefs.h.  */
| 
| int
| main ()
| {
| 
|              #ifndef __INTEL_COMPILER
|                 choke me
|              #endif
| 
|   ;
|   return 0;
| }
configure:16056: result: no
configure:16785: checking whether we are using the Intel C++ compiler
configure:16805: g++ -c -g -O2  conftest.cpp >&5
conftest.cpp: In function 'int main()':
conftest.cpp:33: error: 'choke' was not declared in this scope
conftest.cpp:33: error: expected ';' before 'me'
configure:16805: $? = 1
configure: failed program was:
| /* confdefs.h */
| #define PACKAGE_NAME "mysql++"
| #define PACKAGE_TARNAME "mysql++"
| #define PACKAGE_VERSION "3.2.3"
| #define PACKAGE_STRING "mysql++ 3.2.3"
| #define PACKAGE_BUGREPORT "plusplus@lists.mysql.com"
| #define PACKAGE_URL ""
| #define STDC_HEADERS 1
| #define HAVE_SYS_TYPES_H 1
| #define HAVE_SYS_STAT_H 1
| #define HAVE_STDLIB_H 1
| #define HAVE_STRING_H 1
| #define HAVE_MEMORY_H 1
| #define HAVE_STRINGS_H 1
| #define HAVE_INTTYPES_H 1
| #define HAVE_STDINT_H 1
| #define HAVE_UNISTD_H 1
| #define HAVE_DLFCN_H 1
| #define LT_OBJDIR ".libs/"
| #define STDC_HEADERS 1
| #define HAVE_PTHREAD 1
| #define HAVE_UNISTD_H 1
| #define HAVE_POSIX_GETOPT /**/
| #define HAVE_LOCALTIME_R 1
| #define HAVE_EXT_SLIST 1
| /* end confdefs.h.  */
| 
| int
| main ()
| {
| 
|              #ifndef __INTEL_COMPILER
|                 choke me
|              #endif
| 
|   ;
|   return 0;
| }
configure:16815: result: no
configure:17313: checking whether we are using the Sun C++ compiler
configure:17333: g++ -c -g -O2  conftest.cpp >&5
conftest.cpp: In function 'int main()':
conftest.cpp:33: error: 'choke' was not declared in this scope
conftest.cpp:33: error: expected ';' before 'me'
configure:17333: $? = 1
configure: failed program was:
| /* confdefs.h */
| #define PACKAGE_NAME "mysql++"
| #define PACKAGE_TARNAME "mysql++"
| #define PACKAGE_VERSION "3.2.3"
| #define PACKAGE_STRING "mysql++ 3.2.3"
| #define PACKAGE_BUGREPORT "plusplus@lists.mysql.com"
| #define PACKAGE_URL ""
| #define STDC_HEADERS 1
| #define HAVE_SYS_TYPES_H 1
| #define HAVE_SYS_STAT_H 1
| #define HAVE_STDLIB_H 1
| #define HAVE_STRING_H 1
| #define HAVE_MEMORY_H 1
| #define HAVE_STRINGS_H 1
| #define HAVE_INTTYPES_H 1
| #define HAVE_STDINT_H 1
| #define HAVE_UNISTD_H 1
| #define HAVE_DLFCN_H 1
| #define LT_OBJDIR ".libs/"
| #define STDC_HEADERS 1
| #define HAVE_PTHREAD 1
| #define HAVE_UNISTD_H 1
| #define HAVE_POSIX_GETOPT /**/
| #define HAVE_LOCALTIME_R 1
| #define HAVE_EXT_SLIST 1
| /* end confdefs.h.  */
| 
| int
| main ()
| {
| 
|              #ifndef __SUNPRO_CC
|                 choke me
|              #endif
| 
|   ;
|   return 0;
| }
configure:17343: result: no
configure:17546: checking for a BSD-compatible install
configure:17614: result: /usr/bin/install -c
configure:17684: checking for ranlib
configure:17711: result: ranlib
configure:17734: checking whether ln -s works
configure:17738: result: yes
configure:17746: checking whether make sets $(MAKE)
configure:17768: result: yes
configure:17831: checking for ar
configure:17858: result: ar
configure:17927: checking for strip
configure:17954: result: strip
configure:18019: checking for nm
configure:18046: result: /usr/bin/nm -B
configure:18081: checking if make is GNU make
configure:18095: result: yes
configure:19137: checking for dependency tracking method
configure:19151: result: gcc
configure:19731: creating ./config.status

## ---------------------- ##
## Running config.status. ##
## ---------------------- ##

This file was extended by mysql++ config.status 3.2.3, which was
generated by GNU Autoconf 2.69.  Invocation command line was

  CONFIG_FILES    = 
  CONFIG_HEADERS  = 
  CONFIG_LINKS    = 
  CONFIG_COMMANDS = 
  $ ./config.status 

on MONGODB_1

config.status:1191: creating doc/userman/userman.dbx
config.status:1191: creating install.hta
config.status:1191: creating lib/Doxyfile
config.status:1191: creating lib/mysql++.h
config.status:1191: creating ssx/Doxyfile
config.status:1191: creating abi.xml
config.status:1191: creating mysql++.spec
config.status:1191: creating Makefile
config.status:1191: creating version
config.status:1191: creating config.h
config.status:1380: executing libtool commands

## ---------------- ##
## Cache variables. ##
## ---------------- ##

ac_cv_build=x86_64-unknown-linux-gnu
ac_cv_c_compiler_gnu=yes
ac_cv_cxx_compiler_gnu=yes
ac_cv_env_CCC_set=
ac_cv_env_CCC_value=
ac_cv_env_CC_set=
ac_cv_env_CC_value=
ac_cv_env_CFLAGS_set=
ac_cv_env_CFLAGS_value=
ac_cv_env_CPPFLAGS_set=
ac_cv_env_CPPFLAGS_value=
ac_cv_env_CPP_set=
ac_cv_env_CPP_value=
ac_cv_env_CXXCPP_set=
ac_cv_env_CXXCPP_value=
ac_cv_env_CXXFLAGS_set=
ac_cv_env_CXXFLAGS_value=
ac_cv_env_CXX_set=
ac_cv_env_CXX_value=
ac_cv_env_LDFLAGS_set=
ac_cv_env_LDFLAGS_value=
ac_cv_env_LIBS_set=
ac_cv_env_LIBS_value=
ac_cv_env_build_alias_set=
ac_cv_env_build_alias_value=
ac_cv_env_host_alias_set=
ac_cv_env_host_alias_value=
ac_cv_env_target_alias_set=
ac_cv_env_target_alias_value=
ac_cv_func_getopt=yes
ac_cv_header_dlfcn_h=yes
ac_cv_header_inttypes_h=yes
ac_cv_header_memory_h=yes
ac_cv_header_stdc=yes
ac_cv_header_stdint_h=yes
ac_cv_header_stdlib_h=yes
ac_cv_header_string_h=yes
ac_cv_header_strings_h=yes
ac_cv_header_synch_h=no
ac_cv_header_sys_stat_h=yes
ac_cv_header_sys_types_h=yes
ac_cv_header_unistd_h=yes
ac_cv_host=x86_64-unknown-linux-gnu
ac_cv_lib_intl_main=no
ac_cv_lib_mysqlclient_r___mysql_ssl_set=no
ac_cv_objext=o
ac_cv_path_EGREP='/bin/grep -E'
ac_cv_path_FGREP='/bin/grep -F'
ac_cv_path_GREP=/bin/grep
ac_cv_path_SED=/bin/sed
ac_cv_path_install='/usr/bin/install -c'
ac_cv_prog_AWK=gawk
ac_cv_prog_CPP='gcc -E'
ac_cv_prog_CXXCPP='g++ -E'
ac_cv_prog_ac_ct_AR=ar
ac_cv_prog_ac_ct_CC=gcc
ac_cv_prog_ac_ct_CXX=g++
ac_cv_prog_ac_ct_NM='/usr/bin/nm -B'
ac_cv_prog_ac_ct_OBJDUMP=objdump
ac_cv_prog_ac_ct_RANLIB=ranlib
ac_cv_prog_ac_ct_STRIP=strip
ac_cv_prog_cc_c89=
ac_cv_prog_cc_g=yes
ac_cv_prog_cxx_g=yes
ac_cv_prog_make_make_set=yes
ac_cv_target=x86_64-unknown-linux-gnu
bakefile_cv_c_compiler___INTEL_COMPILER=no
bakefile_cv_cxx_compiler___INTEL_COMPILER=no
bakefile_cv_cxx_compiler___SUNPRO_CC=no
bakefile_cv_prog_makeisgnu=yes
lt_cv_ar_at_file=@
lt_cv_archive_cmds_need_lc=no
lt_cv_deplibs_check_method=pass_all
lt_cv_file_magic_cmd='$MAGIC_CMD'
lt_cv_file_magic_test_file=
lt_cv_ld_reload_flag=-r
lt_cv_nm_interface='BSD nm'
lt_cv_objdir=.libs
lt_cv_path_LD=/usr/bin/ld
lt_cv_path_LDCXX='/usr/bin/ld -m elf_x86_64'
lt_cv_path_NM='/usr/bin/nm -B'
lt_cv_path_mainfest_tool=no
lt_cv_prog_compiler_c_o=yes
lt_cv_prog_compiler_c_o_CXX=yes
lt_cv_prog_compiler_pic='-fPIC -DPIC'
lt_cv_prog_compiler_pic_CXX='-fPIC -DPIC'
lt_cv_prog_compiler_pic_works=yes
lt_cv_prog_compiler_pic_works_CXX=yes
lt_cv_prog_compiler_rtti_exceptions=no
lt_cv_prog_compiler_static_works=no
lt_cv_prog_compiler_static_works_CXX=no
lt_cv_prog_gnu_ld=yes
lt_cv_prog_gnu_ldcxx=yes
lt_cv_sharedlib_from_linklib_cmd='printf %s\n'
lt_cv_shlibpath_overrides_runpath=no
lt_cv_sys_global_symbol_pipe='sed -n -e '\''s/^.*[	 ]\([ABCDGIRSTW][ABCDGIRSTW]*\)[	 ][	 ]*\([_A-Za-z][_A-Za-z0-9]*\)$/\1 \2 \2/p'\'' | sed '\''/ __gnu_lto/d'\'''
lt_cv_sys_global_symbol_to_c_name_address='sed -n -e '\''s/^: \([^ ]*\)[ ]*$/  {\"\1\", (void *) 0},/p'\'' -e '\''s/^[ABCDGIRSTW]* \([^ ]*\) \([^ ]*\)$/  {"\2", (void *) \&\2},/p'\'''
lt_cv_sys_global_symbol_to_c_name_address_lib_prefix='sed -n -e '\''s/^: \([^ ]*\)[ ]*$/  {\"\1\", (void *) 0},/p'\'' -e '\''s/^[ABCDGIRSTW]* \([^ ]*\) \(lib[^ ]*\)$/  {"\2", (void *) \&\2},/p'\'' -e '\''s/^[ABCDGIRSTW]* \([^ ]*\) \([^ ]*\)$/  {"lib\2", (void *) \&\2},/p'\'''
lt_cv_sys_global_symbol_to_cdecl='sed -n -e '\''s/^T .* \(.*\)$/extern int \1();/p'\'' -e '\''s/^[ABCDGIRSTW]* .* \(.*\)$/extern char \1;/p'\'''
lt_cv_sys_max_cmd_len=1966080
lt_cv_to_host_file_cmd=func_convert_file_noop
lt_cv_to_tool_file_cmd=func_convert_file_noop

## ----------------- ##
## Output variables. ##
## ----------------- ##

AIX_CXX_LD=''
AR='ar'
AROPTIONS='rcu'
AWK='gawk'
BK_DEPS='/home/billMgr/mysql++-3.2.3/bk-deps'
CC='gcc'
CFLAGS='-g -O2 -pthread'
COND_BUILD_debug='#'
COND_BUILD_release='#'
COND_DEPS_TRACKING_0='#'
COND_DEPS_TRACKING_1=''
COND_PLATFORM_MACOSX_0_USE_SOVERCYGWIN_0_USE_SOVERSION_1=''
COND_PLATFORM_MACOSX_0_USE_SOVERSION_1=''
COND_PLATFORM_MACOSX_1='#'
COND_PLATFORM_MACOSX_1_USE_SOVERSION_1='#'
COND_PLATFORM_MAC_0=''
COND_PLATFORM_MAC_1='#'
COND_PLATFORM_OS2_1='#'
COND_USE_SOTWOSYMLINKS_1=''
COND_USE_SOVERCYGWIN_1_USE_SOVERSION_1='#'
COND_USE_SOVERLINUX_1=''
COND_USE_SOVERSION_0='#'
COND_USE_SOVERSION_1_USE_SOVERSOLARIS_1='#'
COND_USE_SOVERSOLARIS_1='#'
COND_WINDOWS_IMPLIB_1='#'
CPP='gcc -E'
CPPFLAGS=''
CXX='g++'
CXXCPP='g++ -E'
CXXFLAGS='-g -O2'
DEFS='-DHAVE_CONFIG_H'
DEPS_TRACKING='1'
DLLIMP_SUFFIX='so'
DLLPREFIX='lib'
DLLPREFIX_MODULE=''
DLLTOOL='false'
DSYMUTIL=''
DUMPBIN=''
ECHO_C=''
ECHO_N='-n'
ECHO_T=''
EGREP='/bin/grep -E'
EXEEXT=''
FGREP='/bin/grep -F'
GREP='/bin/grep'
IF_GNU_MAKE=''
INSTALL_DATA='${INSTALL} -m 644'
INSTALL_DIR='mkdir -p'
INSTALL_PROGRAM='${INSTALL}'
INSTALL_SCRIPT='${INSTALL}'
LD='/usr/bin/ld -m elf_x86_64'
LDFLAGS=''
LDFLAGS_GUI=''
LIBEXT='.a'
LIBOBJS=''
LIBPREFIX='lib'
LIBS=' '
LIBTOOL='$(SHELL) $(top_builddir)/libtool'
LIBTOOL_DEPS='./ltmain.sh'
LIPO=''
LN_S='ln -s'
LTLIBOBJS=''
MAKE_SET=''
MANIFEST_TOOL=':'
MYSQLPP_EXTRA_LIBS=''
MYSQLPP_VERSION_BUGFIX='3'
MYSQLPP_VERSION_MAJOR='3'
MYSQLPP_VERSION_MINOR='2'
MYSQL_C_INC_DIR='/usr/include/mysql'
MYSQL_C_LIB_DIR='/usr/lib64/mysql'
MYSQL_C_LIB_NAME='mysqlclient_r'
NM='/usr/bin/nm -B'
NMEDIT=''
OBJCXXFLAGS=''
OBJDUMP='objdump'
OBJEXT='o'
OTOOL64=''
OTOOL=''
PACKAGE_BUGREPORT='plusplus@lists.mysql.com'
PACKAGE_NAME='mysql++'
PACKAGE_STRING='mysql++ 3.2.3'
PACKAGE_TARNAME='mysql++'
PACKAGE_URL=''
PACKAGE_VERSION='3.2.3'
PATH_SEPARATOR=':'
PIC_FLAG='-fPIC -DPIC'
PLATFORM_BEOS='0'
PLATFORM_MAC='0'
PLATFORM_MACOS='0'
PLATFORM_MACOSX='0'
PLATFORM_MSDOS='0'
PLATFORM_OS2='0'
PLATFORM_UNIX='1'
PLATFORM_WIN32='0'
PTHREAD_CC='gcc'
PTHREAD_CFLAGS='-pthread'
PTHREAD_LIBS=''
RANLIB='ranlib'
REZ=''
SED='/bin/sed'
SETFILE=''
SET_MAKE=''
SHARED_LD_CC='$(CC) -shared -fPIC -o'
SHARED_LD_CXX='$(CXX) -shared -fPIC -o'
SHARED_LD_MODULE_CC='$(CC) -shared -fPIC -o'
SHARED_LD_MODULE_CXX='$(CXX) -shared -fPIC -o'
SHELL='/bin/sh'
SONAME_FLAG='-Wl,-soname,'
SO_SUFFIX='so'
SO_SUFFIX_MODULE='so'
STRIP='strip'
USE_MACVERSION='0'
USE_SOTWOSYMLINKS='1'
USE_SOVERCYGWIN='0'
USE_SOVERLINUX='1'
USE_SOVERSION='1'
USE_SOVERSOLARIS='0'
WINDOWS_IMPLIB='0'
WINDRES=''
ac_ct_AR='ar'
ac_ct_CC='gcc'
ac_ct_CXX='g++'
ac_ct_DUMPBIN=''
acx_pthread_config=''
bindir='${exec_prefix}/bin'
build='x86_64-unknown-linux-gnu'
build_alias=''
build_cpu='x86_64'
build_os='linux-gnu'
build_vendor='unknown'
datadir='${datarootdir}'
datarootdir='${prefix}/share'
dlldir='${exec_prefix}/lib'
docdir='${datarootdir}/doc/${PACKAGE_TARNAME}'
dvidir='${docdir}'
exec_prefix='${prefix}'
host='x86_64-unknown-linux-gnu'
host_alias=''
host_cpu='x86_64'
host_os='linux-gnu'
host_vendor='unknown'
htmldir='${docdir}'
includedir='${prefix}/include'
infodir='${datarootdir}/info'
libdir='${exec_prefix}/lib'
libexecdir='${exec_prefix}/libexec'
localedir='${datarootdir}/locale'
localstatedir='${prefix}/var'
mandir='${datarootdir}/man'
oldincludedir='/usr/include'
pdfdir='${docdir}'
prefix='/usr/local'
program_transform_name='s,x,x,'
psdir='${docdir}'
sbindir='${exec_prefix}/sbin'
sharedstatedir='${prefix}/com'
sysconfdir='${prefix}/etc'
target='x86_64-unknown-linux-gnu'
target_alias=''
target_cpu='x86_64'
target_os='linux-gnu'
target_vendor='unknown'

## ----------- ##
## confdefs.h. ##
## ----------- ##

/* confdefs.h */
#define PACKAGE_NAME "mysql++"
#define PACKAGE_TARNAME "mysql++"
#define PACKAGE_VERSION "3.2.3"
#define PACKAGE_STRING "mysql++ 3.2.3"
#define PACKAGE_BUGREPORT "plusplus@lists.mysql.com"
#define PACKAGE_URL ""
#define STDC_HEADERS 1
#define HAVE_SYS_TYPES_H 1
#define HAVE_SYS_STAT_H 1
#define HAVE_STDLIB_H 1
#define HAVE_STRING_H 1
#define HAVE_MEMORY_H 1
#define HAVE_STRINGS_H 1
#define HAVE_INTTYPES_H 1
#define HAVE_STDINT_H 1
#define HAVE_UNISTD_H 1
#define HAVE_DLFCN_H 1
#define LT_OBJDIR ".libs/"
#define STDC_HEADERS 1
#define HAVE_PTHREAD 1
#define HAVE_UNISTD_H 1
#define HAVE_POSIX_GETOPT /**/
#define HAVE_LOCALTIME_R 1
#define HAVE_EXT_SLIST 1

configure: exit 0
